2018-12-11 09:16:44.887  INFO 16756 --- [main] c.tomislav.kralj.EvidencijeApplication   : Starting EvidencijeApplication on TIS-LAP112 with PID 16756 (C:\Projects\EvidencijaFinancija\target\classes started by tkralj in C:\Projects\EvidencijaFinancija)
2018-12-11 09:16:44.891  INFO 16756 --- [main] c.tomislav.kralj.EvidencijeApplication   : No active profile set, falling back to default profiles: default
2018-12-11 09:16:46.884  INFO 16756 --- [main] .s.d.r.c.RepositoryConfigurationDelegate : Bootstrapping Spring Data repositories in DEFAULT mode.
2018-12-11 09:16:47.045  INFO 16756 --- [main] .s.d.r.c.RepositoryConfigurationDelegate : Finished Spring Data repository scanning in 146ms. Found 5 repository interfaces.
2018-12-11 09:16:47.622  INFO 16756 --- [main] trationDelegate$BeanPostProcessorChecker : Bean 'org.springframework.transaction.annotation.ProxyTransactionManagementConfiguration' of type [org.springframework.transaction.annotation.ProxyTransactionManagementConfiguration$$EnhancerBySpringCGLIB$$ac306c5a] is not eligible for getting processed by all BeanPostProcessors (for example: not eligible for auto-proxying)
2018-12-11 09:16:47.666  INFO 16756 --- [main] trationDelegate$BeanPostProcessorChecker : Bean 'org.springframework.hateoas.config.HateoasConfiguration' of type [org.springframework.hateoas.config.HateoasConfiguration$$EnhancerBySpringCGLIB$$2bb0b98c] is not eligible for getting processed by all BeanPostProcessors (for example: not eligible for auto-proxying)
2018-12-11 09:16:48.110  INFO 16756 --- [main] o.s.b.w.embedded.tomcat.TomcatWebServer  : Tomcat initialized with port(s): 8081 (http)
2018-12-11 09:16:48.140  INFO 16756 --- [main] o.apache.catalina.core.StandardService   : Starting service [Tomcat]
2018-12-11 09:16:48.143  INFO 16756 --- [main] org.apache.catalina.core.StandardEngine  : Starting Servlet Engine: Apache Tomcat/9.0.13
2018-12-11 09:16:48.151  INFO 16756 --- [main] o.a.catalina.core.AprLifecycleListener   : The APR based Apache Tomcat Native library which allows optimal performance in production environments was not found on the java.library.path: [C:\Program Files\Java\jdk1.8.0_161\bin;C:\WINDOWS\Sun\Java\bin;C:\WINDOWS\system32;C:\WINDOWS;C:\ProgramData\Oracle\Java\javapath;C:\Program Files (x86)\Intel\iCLS Client\;C:\Program Files\Intel\iCLS Client\;C:\app\tkraljOracle\product\12.1.0\dbhome_1\bin;C:\WINDOWS\system32;C:\WINDOWS;C:\WINDOWS\System32\Wbem;C:\WINDOWS\System32\WindowsPowerShell\v1.0\;C:\Program Files (x86)\Intel\Intel(R) Management Engine Components\DAL;C:\Program Files\Intel\Intel(R) Management Engine Components\DAL;C:\Program Files (x86)\Intel\Intel(R) Management Engine Components\IPT;C:\Program Files\Intel\Intel(R) Management Engine Components\IPT;C:\Program Files\dotnet\;C:\Program Files\Microsoft SQL Server\130\Tools\Binn\;C:\Program Files\Microsoft\Web Platform Installer\;C:\ProgramData\chocolatey\bin;C:\Program Files\Java\jdk1.8.0_161\bin;C:\Program Files\Git\cmd;C:\WINDOWS\System32\OpenSSH\;C:\Program Files\nodejs\;C:\Users\tkralj\AppData\Local\Microsoft\WindowsApps;C:\Program Files\Microsoft VS Code\bin;C:\Users\tkralj\AppData\Roaming\npm;.]
2018-12-11 09:16:48.368  INFO 16756 --- [main] o.a.c.c.C.[Tomcat].[localhost].[/]       : Initializing Spring embedded WebApplicationContext
2018-12-11 09:16:48.369  INFO 16756 --- [main] o.s.web.context.ContextLoader            : Root WebApplicationContext: initialization completed in 3356 ms
2018-12-11 09:16:48.630  INFO 16756 --- [main] com.zaxxer.hikari.HikariDataSource       : HikariPool-1 - Starting...
2018-12-11 09:16:48.789  INFO 16756 --- [main] com.zaxxer.hikari.HikariDataSource       : HikariPool-1 - Start completed.
2018-12-11 09:16:49.023  INFO 16756 --- [main] o.hibernate.jpa.internal.util.LogHelper  : HHH000204: Processing PersistenceUnitInfo [
	name: default
	...]
2018-12-11 09:16:49.113  INFO 16756 --- [main] org.hibernate.Version                    : HHH000412: Hibernate Core {5.3.7.Final}
2018-12-11 09:16:49.116  INFO 16756 --- [main] org.hibernate.cfg.Environment            : HHH000206: hibernate.properties not found
2018-12-11 09:16:49.323  INFO 16756 --- [main] o.hibernate.annotations.common.Version   : HCANN000001: Hibernate Commons Annotations {5.0.4.Final}
2018-12-11 09:16:49.551  INFO 16756 --- [main] org.hibernate.dialect.Dialect            : HHH000400: Using dialect: org.hibernate.dialect.H2Dialect
2018-12-11 09:16:50.830  INFO 16756 --- [main] o.h.t.schema.internal.SchemaCreatorImpl  : HHH000476: Executing import script 'org.hibernate.tool.schema.internal.exec.ScriptSourceInputNonExistentImpl@149274cb'
2018-12-11 09:16:50.837  INFO 16756 --- [main] j.LocalContainerEntityManagerFactoryBean : Initialized JPA EntityManagerFactory for persistence unit 'default'
2018-12-11 09:16:51.493  INFO 16756 --- [main] f.a.AutowiredAnnotationBeanPostProcessor : Autowired annotation is not supported on static fields: public static final int com.tomislav.kralj.model.service.metadata.Page.DEFAULT_PAGE_SIZE
2018-12-11 09:16:51.855  INFO 16756 --- [main] o.s.s.concurrent.ThreadPoolTaskExecutor  : Initializing ExecutorService 'applicationTaskExecutor'
2018-12-11 09:16:51.914  WARN 16756 --- [main] aWebConfiguration$JpaWebMvcConfiguration : spring.jpa.open-in-view is enabled by default. Therefore, database queries may be performed during view rendering. Explicitly configure spring.jpa.open-in-view to disable this warning
2018-12-11 09:16:52.269  INFO 16756 --- [main] o.s.b.w.embedded.tomcat.TomcatWebServer  : Tomcat started on port(s): 8081 (http) with context path ''
2018-12-11 09:16:52.274  INFO 16756 --- [main] c.tomislav.kralj.EvidencijeApplication   : Started EvidencijeApplication in 8.346 seconds (JVM running for 10.027)
2018-12-11 09:16:52.278  INFO 16756 --- [main] c.t.kralj.configuration.DbInitializer    : Initializing database...
2018-12-11 09:16:52.313  INFO 16756 --- [main] o.h.h.i.QueryTranslatorFactoryInitiator  : HHH000397: Using ASTQueryTranslatorFactory
2018-12-11 09:16:52.564  INFO 16756 --- [main] c.t.kralj.configuration.DbInitializer    : Database has been initialized.
